2021-08-13 00:07:40,087 - sougou.log - INFO - 155 - sougou - ('科创板日报', 'http://mp.weixin.qq.com/s?src=11&timestamp=1628784437&ver=3248&signature=C9YOartv1zFZ3Ov9s*Om*gxf7-A0ZM0-mJ4see5PZX41OeEBBVED69CnQjARWAK46KHPdFAaruvr12g-erquhBQpyOqNdzXsJtAReQPaXzL2MnjlsLJ8WMnfFAks6Yn8&new=1')
2021-08-13 00:08:04,282 - sougou.log - INFO - 155 - sougou - ('网信黄山', 'http://mp.weixin.qq.com/s?src=11&timestamp=1628784463&ver=3248&signature=mbr08BsOUSN*oAm0IF2lmRLnPsI1Atvd9sxgay1*7ABkk31kkoY3KTJueHZ8sQIz6dfSCn-zb958vtlGXVHTSpnTo2GHQjzIDhncQbaP72I0SATFF*6O1eauIdtViPgj&new=1')
2021-08-13 00:08:20,733 - sougou.log - INFO - 155 - sougou - ('彭氏全球群', 'http://mp.weixin.qq.com/s?src=11&timestamp=1628784481&ver=3248&signature=dLuDZRojr*nKU708d5TmhZ6ffwtIePOxvrvVE9SBGibeA3XFklR*iBvgTCvxSzpnBg0*xkNFvfZYq7hlnfM70hSmY4QEXEvKFpJboVelZNcd3pB1tFP2YG8AnU70JVPx&new=1')
2021-08-13 00:08:20,751 - sougou.log - INFO - 155 - sougou - ('客家陈氏文化', 'http://mp.weixin.qq.com/s?src=11&timestamp=1628784481&ver=3248&signature=s-7xlxFJ56UOJmFNwLOWP8oF2oPZolPJiIN9x*89sqXf8CzZW0l5LEO5I2gQ0-zB14JFPBVfDePP6Rb1QjM12i-T32AfmZUFlLwHsSu8us3EcIw9MWjMJUn0O9z-MeeS&new=1')
2021-08-13 00:08:39,257 - sougou.log - INFO - 155 - sougou - ('价值投机逻辑', 'http://mp.weixin.qq.com/s?src=11&timestamp=1628784500&ver=3248&signature=TtRhNqtqiQALtRTrkWor7jVU*we-yWjqBAB4K85L-9tZGqLUdCS1NXx6xlRPColtTb1Cq7Y102861IK6rRaVfgzC14zxKf05BLxaFkFGFZMcJZgyjrssI3EJLHC19Rni&new=1')
2021-08-13 00:08:51,732 - sougou.log - INFO - 155 - sougou - ('党风徐来', 'http://mp.weixin.qq.com/s?src=11&timestamp=1628784463&ver=3248&signature=ekcxemVn7LG6pZy2MePuPS2hZc31bVpeNnLZ0WSuHt9njv4ci*ab53lHs5ewiehO4xGspmqA22eWBgTEq77BRXFmotkS2DWLIGyG0ocgTv1W9b6s3teubJV7gZnbqR16&new=1')
2021-08-13 00:08:54,578 - sougou.log - INFO - 155 - sougou - ('涂料采购网', 'http://mp.weixin.qq.com/s?src=11&timestamp=1628784519&ver=3248&signature=X13XDWCwrVXhLX-hKuxmSvYOMtHp-fIgOjCuqVDb9bvKon4DxDHAO4BM3WoDK-JWKQy0ELc8a*hOOCCWPSNq3zm9Q9Um0f7ma8Ty4fR-BJopZtW7wRZ6kd4ZixWb2Jvi&new=1')
2021-08-13 00:09:16,021 - sougou.log - INFO - 155 - sougou - ('深圳坪山生活服务平台', 'http://mp.weixin.qq.com/s?src=11&timestamp=1628784540&ver=3248&signature=jI8k-Uq1twLgNaUpyaMNkSuEUqBMaU0YpKeL-3chnrSzDTBzoypQPQU42LPb6IRy01iWfL72vvo*vB22IKXmCmEfyrgY**RML4DzynE3HQye8Vv5-0Em2ZsQeCR6uAr*&new=1')
2021-08-13 00:09:22,098 - sougou.log - INFO - 155 - sougou - ('SunaoEnglish', 'http://mp.weixin.qq.com/s?src=11&timestamp=1628784550&ver=3248&signature=Lf5-efODW11pygC2H5dtH27QVe84VltWoo604SX3XPCj-lxrbzwTFlcalQl6UuQFrc-ybJJ6Sh8zN*xWYGdcWyGQrsJvQ-f0L30uA4cynTqDmxnox5F*X9denk7tib3L&new=1')
2021-08-13 00:09:30,991 - sougou.log - INFO - 155 - sougou - ('衢州国际数字贸易中心', 'http://mp.weixin.qq.com/s?src=11&timestamp=1628784537&ver=3248&signature=ycUu5-H4rgHDe0GaeMeS668CvnhntZKIgTbV1NcqLjZ23p54Zn28SwXPpZuzeL*no8Noyo-sgvVJ6pvEg3K7G3xLjMuwWjUIpUKdAQBcGZAfKg5c7YLC6C-gP3nFg0fM&new=1')
2021-08-13 00:09:40,078 - sougou.log - INFO - 155 - sougou - ('赤峰金诃大药房', 'http://mp.weixin.qq.com/s?src=11&timestamp=1628784537&ver=3248&signature=ou-asVVhz0dd2lwIaAFhZ9-ETgqh2H56XkceBe259VTAyZX*TRyDprFlltb-5QnqRunMeFM--UaUP79JhB88YMwW5Aw*nwjRND7DCHYFTWdrcNdBeGHnqC7EXa-5hnuR&new=1')
2021-08-13 00:09:46,969 - sougou.log - INFO - 155 - sougou - ('方侠早间策略V', 'http://mp.weixin.qq.com/s?src=11&timestamp=1628784537&ver=3248&signature=tbOcBcv2Ks2S7WkaDWYtSbXpu-LHT7sw8Ok0hydvU9eiRJboEkZJ*x8HkO8Fg*q7Ekzcpn0zxsSI3sg0ztcZ9HvWEAkOhJqXTX4pJ0EU3KgIxcir9jLreYpfeAaKMNN0&new=1')
2021-08-13 00:09:53,071 - sougou.log - INFO - 155 - sougou - ('萌宠秀圈', 'http://mp.weixin.qq.com/s?src=11&timestamp=1628784580&ver=3248&signature=EStaqH2oso6tPnVdSbbMLDhelz2CyfyigA8vb64aYnSY5RoV1eg8XMlbDnTkkjI6qdebf5cxn-AOYGFI1Y-CLC4nZJZ-AsNchXn7b6e553ZX4v7SVWJvZsN9zQblsorv&new=1')
2021-08-13 00:11:21,246 - sougou.log - INFO - 155 - sougou - ('德衡律师在枣庄', 'http://mp.weixin.qq.com/s?src=11&timestamp=1628784618&ver=3248&signature=qM5bkO1s-Z9rNdKGKyXwYrnKzyIM8WoV80ciyXZ0izggFLMC3IOhLmLF0NGlX3IB2ZOukvrvucEfDlA8OAoc*sh5peTXX1DQikFZ7zgVnq4Ml1ALk4Uk9qoHDgXXV4rN&new=1')
2021-08-13 00:11:58,069 - sougou.log - INFO - 155 - sougou - ('旭大厨', 'http://mp.weixin.qq.com/s?src=11&timestamp=1628784706&ver=3248&signature=vuIsnxMOg5-95w8IZZdDjMPeHwoAuvliLtkELgDoXBzT7MGISczKFBs6UGN9nIcUxBqHy47sU1PgtoF8MIhtViPJgvpoQWLyoxa1QfPjQwZ8LZEvtqqoMf2qsSc6fAyw&new=1')
2021-08-13 00:12:09,801 - sougou.log - INFO - 155 - sougou - ('色弱联盟', 'http://mp.weixin.qq.com/s?src=11&timestamp=1628784697&ver=3248&signature=YmYNkITq-x74msZUBua31O6a38tEB4fIrtDUyLG4whBzr8KxNgST9m9UE3*anfZUky9bHhbW483C*Jr3YqjSqU2GKf*KO41OStVgO9x4vaa3jtddeCJHZvReIhTi3ABZ&new=1')
2021-08-13 00:12:15,590 - sougou.log - INFO - 155 - sougou - ('电商短视频带货达人', 'http://mp.weixin.qq.com/s?src=11&timestamp=1628784724&ver=3248&signature=LphT5eE7WCRHekJ20cCe7NVHTlOv6DObJgLvlT-o*R6SrjzuxZobjDNzUsG-r0tdARwWwMBmiz*4t4-TXbygWAqPG6pCskh3LcsxNbD6DmS9UzhEfAQypSy627lPuZxL&new=1')
2021-08-13 00:12:24,858 - sougou.log - INFO - 155 - sougou - ('谈法律', 'http://mp.weixin.qq.com/s?src=11&timestamp=1628784724&ver=3248&signature=5ilTlV7NDdKMiI*f8AEsO4Fur2DnLMcvtAM9Dx6DRhNetNowg*Euv33KFgdTtnan-0OkD8pLr3qd4hNZAGHiKNmDb6tllEo*8cL-NmyFHY3CLbwsbKI1nOSNQNxcSTD2&new=1')
2021-08-13 00:12:33,789 - sougou.log - INFO - 155 - sougou - ('小宇说旧改', 'http://mp.weixin.qq.com/s?src=11&timestamp=1628784724&ver=3248&signature=bzVxTaaTK42MLd9L3Swlx9bK9cE6*G4iJfrXF9wFpiDdJAh2NHy4y0Amic009LZojunfnXt65CPgyo*8*BEjXJWL*GJm0iqttxh9lfuBLd8AU8pJ2ba1NYLSEUIWYBME&new=1')
2021-08-13 00:12:36,601 - sougou.log - INFO - 155 - sougou - ('财金委', 'http://mp.weixin.qq.com/s?src=11&timestamp=1628784745&ver=3248&signature=X5lfcXXrkWrxhfp5lZ97CqsPuNVjZmiZsOzqLJ-VsYTCQdaE1dEvJQaneU3*zdh1klhISE8sdHIXGA-1HlM3vEzbjcw585g7ZEQpE8KW8g9bQ*A9DrOXJCoPAvsThbBt&new=1')
2021-08-13 00:12:43,217 - sougou.log - INFO - 155 - sougou - ('健康关爱卡', 'http://mp.weixin.qq.com/s?src=11&timestamp=1628784745&ver=3248&signature=GgyQRjU8i4nPuDHfFG25FlsnrMgtPfP5y9iZSZVkn4-9yStwUtRntgo1fHg9lZojRNjkvBaTpUtScNmPINOSEe7wrvkAPm7qA-*tiJCsodWLIaS2ssq73*8Nss9veLog&new=1')
2021-08-13 00:12:46,082 - sougou.log - INFO - 155 - sougou - ('指尖上的视野', 'http://mp.weixin.qq.com/s?src=11&timestamp=1628784745&ver=3248&signature=u48SUsCPOjePjhA5BooHCeelSgBn2LJk4DdVf07bzgg1Kx787D1Tm-KPXEWT929ppIDfdUrKIEgntuSHqZSHG3af1ugbdwk8f5bCPCnsBANVEjTUNIutd0Bctf4bmgAS&new=1')
2021-08-13 00:12:52,127 - sougou.log - INFO - 155 - sougou - ('人寿云助理', 'http://mp.weixin.qq.com/s?src=11&timestamp=1628784745&ver=3248&signature=E2bHZELmyHSgFX87cLq1sTyJICYozJJtHrrLFjM79JMDGWwQTiL0GzqKrjD29g6JdwyM5sOjTEwkp9Ro*WDorkvH6FEWcudCcun56MjSuoi6XFIWDOJUd4Tv-UbzSESi&new=1')
2021-08-13 00:13:16,673 - sougou.log - INFO - 155 - sougou - ('赤峰老乡的家', 'http://mp.weixin.qq.com/s?src=11&timestamp=1628784775&ver=3248&signature=-HBhutYuOdhvqOSa*09Knr0J2pRVsih1OXMqxc4ovpZ8wpYm*evcWA11fs7YBbQF66Gf3E4PI2GasC-5JuHtJyjpBJefI0eafKxQ5nLjEUbo7wFfhWqSRdkjZwCT6A*B&new=1')
