2021-08-24 13:43:14,879 - tt_id_6.log - INFO - 133 - tt_id_6 - ('3544429532021726', '野猪佩琪啦', 1, '数字更新')
2021-08-24 13:43:15,331 - tt_id_6.log - INFO - 196 - tt_id_6 - ('3544429532021726', 'https://toutiao.com/i1708937735861326', '数据进库....')
2021-08-24 13:43:15,481 - tt_id_6.log - INFO - 196 - tt_id_6 - ('3544429532021726', 'https://toutiao.com/i1708937606585357', '数据进库....')
2021-08-24 13:43:15,581 - tt_id_6.log - INFO - 196 - tt_id_6 - ('3544429532021726', 'https://toutiao.com/i1708937444197390', '数据进库....')
2021-08-24 13:43:15,730 - tt_id_6.log - INFO - 196 - tt_id_6 - ('3544429532021726', 'https://toutiao.com/i1708936601411598', '数据进库....')
2021-08-24 13:43:15,767 - tt_id_6.log - INFO - 196 - tt_id_6 - ('3544429532021726', 'https://toutiao.com/i1708936446756871', '数据进库....')
2021-08-24 13:43:15,928 - tt_id_6.log - INFO - 196 - tt_id_6 - ('3544429532021726', 'https://toutiao.com/i1708936366582797', '数据进库....')
2021-08-24 13:43:19,534 - tt_id_6.log - INFO - 133 - tt_id_6 - ('108267646289', '米财有星', 1, '数字更新')
2021-08-24 13:43:22,712 - tt_id_6.log - INFO - 133 - tt_id_6 - ('73676262032', '石山流泉', 1, '数字更新')
2021-08-24 13:43:28,193 - tt_id_6.log - INFO - 133 - tt_id_6 - ('8277563080', '钟情于球', 1, '数字更新')
2021-08-24 13:43:34,458 - tt_id_6.log - INFO - 133 - tt_id_6 - ('1578498614636030', '威武上岸哥', 1, '数字更新')
2021-08-24 13:43:34,507 - tt_id_6.log - INFO - 196 - tt_id_6 - ('1578498614636030', 'https://toutiao.com/i6997379896020680995', '数据进库....')
2021-08-24 13:43:34,539 - tt_id_6.log - INFO - 196 - tt_id_6 - ('1578498614636030', 'https://toutiao.com/i6999632749187924258', '数据进库....')
2021-08-24 13:43:35,295 - tt_id_6.log - INFO - 133 - tt_id_6 - ('93144584231', '砚海三郎', 1, '数字更新')
2021-08-24 13:43:38,800 - tt_id_6.log - INFO - 133 - tt_id_6 - ('57565840057', '星闻揭秘', 1, '数字更新')
2021-08-24 13:43:38,878 - tt_id_6.log - INFO - 196 - tt_id_6 - ('57565840057', 'https://toutiao.com/i1708950934665230', '数据进库....')
2021-08-24 13:43:38,912 - tt_id_6.log - INFO - 196 - tt_id_6 - ('57565840057', 'https://toutiao.com/i1708943190791198', '数据进库....')
2021-08-24 13:43:38,990 - tt_id_6.log - INFO - 196 - tt_id_6 - ('57565840057', 'https://toutiao.com/i1708937398845470', '数据进库....')
2021-08-24 13:43:39,033 - tt_id_6.log - INFO - 196 - tt_id_6 - ('57565840057', 'https://toutiao.com/i1708937383174152', '数据进库....')
2021-08-24 13:43:39,078 - tt_id_6.log - INFO - 196 - tt_id_6 - ('57565840057', 'https://toutiao.com/i1708901348208648', '数据进库....')
2021-08-24 13:43:39,167 - tt_id_6.log - INFO - 196 - tt_id_6 - ('57565840057', 'https://toutiao.com/i1708901335964680', '数据进库....')
2021-08-24 13:43:39,218 - tt_id_6.log - INFO - 196 - tt_id_6 - ('57565840057', 'https://toutiao.com/i1708896791169038', '数据进库....')
2021-08-24 13:43:45,053 - tt_id_6.log - INFO - 133 - tt_id_6 - ('97215873760', '北风搞笑视频', 1, '数字更新')
2021-08-24 13:43:45,883 - tt_id_6.log - INFO - 133 - tt_id_6 - ('100852490314', '头号空头', 1, '数字更新')
2021-08-24 13:43:48,964 - tt_id_6.log - INFO - 133 - tt_id_6 - ('57491142503', '春城六月雪1', 1, '数字更新')
2021-08-24 13:43:52,002 - tt_id_6.log - INFO - 133 - tt_id_6 - ('63732699915', '第一娱记', 1, '数字更新')
2021-08-24 13:43:52,041 - tt_id_6.log - INFO - 196 - tt_id_6 - ('63732699915', 'https://toutiao.com/i6999826321740825348', '数据进库....')
2021-08-24 13:43:52,071 - tt_id_6.log - INFO - 196 - tt_id_6 - ('63732699915', 'https://toutiao.com/i6999815545751208743', '数据进库....')
2021-08-24 13:43:52,098 - tt_id_6.log - INFO - 196 - tt_id_6 - ('63732699915', 'https://toutiao.com/i1708916362212356', '数据进库....')
2021-08-24 13:43:56,013 - tt_id_6.log - INFO - 133 - tt_id_6 - ('98888091390', '深度观察哨', 1, '数字更新')
2021-08-24 13:43:59,325 - tt_id_6.log - INFO - 133 - tt_id_6 - ('52553986501', '天地有情2006', 1, '数字更新')
2021-08-24 13:43:59,372 - tt_id_6.log - INFO - 196 - tt_id_6 - ('52553986501', 'https://toutiao.com/i1708948235864075', '数据进库....')
2021-08-24 13:43:59,431 - tt_id_6.log - INFO - 196 - tt_id_6 - ('52553986501', 'https://toutiao.com/i1708903900468228', '数据进库....')
2021-08-24 13:44:02,486 - tt_id_6.log - INFO - 133 - tt_id_6 - ('5874747026', '藏玉', 1, '数字更新')
2021-08-24 13:44:02,521 - tt_id_6.log - INFO - 196 - tt_id_6 - ('5874747026', 'https://toutiao.com/i6999812688348267044', '数据进库....')
2021-08-24 13:44:02,554 - tt_id_6.log - INFO - 196 - tt_id_6 - ('5874747026', 'https://toutiao.com/i6999843883928519204', '数据进库....')
2021-08-24 13:44:02,588 - tt_id_6.log - INFO - 196 - tt_id_6 - ('5874747026', 'https://toutiao.com/i1708850611933187', '数据进库....')
2021-08-24 13:44:02,616 - tt_id_6.log - INFO - 196 - tt_id_6 - ('5874747026', 'https://toutiao.com/i6999818847658770701', '数据进库....')
2021-08-24 13:44:02,643 - tt_id_6.log - INFO - 196 - tt_id_6 - ('5874747026', 'https://toutiao.com/i6999816485916967437', '数据进库....')
2021-08-24 13:44:02,683 - tt_id_6.log - INFO - 196 - tt_id_6 - ('5874747026', 'https://toutiao.com/i6999813714580881924', '数据进库....')
2021-08-24 13:44:06,337 - tt_id_6.log - INFO - 133 - tt_id_6 - ('102203927309', '小江哥加油go', 1, '数字更新')
2021-08-24 13:44:06,371 - tt_id_6.log - INFO - 196 - tt_id_6 - ('102203927309', 'https://toutiao.com/i1708748709269516', '数据进库....')
2021-08-24 13:44:06,403 - tt_id_6.log - INFO - 196 - tt_id_6 - ('102203927309', 'https://toutiao.com/i1708656537461760', '数据进库....')
2021-08-24 13:44:09,586 - tt_id_6.log - INFO - 133 - tt_id_6 - ('131556569255533', '凹凸缠', 1, '数字更新')
2021-08-24 13:44:09,647 - tt_id_6.log - INFO - 196 - tt_id_6 - ('131556569255533', 'https://toutiao.com/i1708936956862472', '数据进库....')
2021-08-24 13:44:09,688 - tt_id_6.log - INFO - 196 - tt_id_6 - ('131556569255533', 'https://toutiao.com/i6999724025698239263', '数据进库....')
2021-08-24 13:44:17,105 - tt_id_6.log - INFO - 133 - tt_id_6 - ('440258404295052', '本地联盟捞仔', 1, '数字更新')
2021-08-24 13:44:17,366 - tt_id_6.log - INFO - 133 - tt_id_6 - ('2831981293085156', '茶后谈历史', 1, '数字更新')
2021-08-24 13:44:17,394 - tt_id_6.log - INFO - 196 - tt_id_6 - ('2831981293085156', 'https://toutiao.com/i1708949060252675', '数据进库....')
2021-08-24 13:44:20,268 - tt_id_6.log - INFO - 133 - tt_id_6 - ('94377662238', '栋栋看深圳', 1, '数字更新')
2021-08-24 13:44:20,297 - tt_id_6.log - INFO - 196 - tt_id_6 - ('94377662238', 'https://toutiao.com/i1708906358719488', '数据进库....')
2021-08-24 13:44:20,333 - tt_id_6.log - INFO - 196 - tt_id_6 - ('94377662238', 'https://toutiao.com/i1708906307190796', '数据进库....')
2021-08-24 13:44:20,363 - tt_id_6.log - INFO - 196 - tt_id_6 - ('94377662238', 'https://toutiao.com/i1708906282650639', '数据进库....')
2021-08-24 13:44:20,398 - tt_id_6.log - INFO - 196 - tt_id_6 - ('94377662238', 'https://toutiao.com/i1708906242263040', '数据进库....')
2021-08-24 13:44:20,429 - tt_id_6.log - INFO - 196 - tt_id_6 - ('94377662238', 'https://toutiao.com/i1708906183292940', '数据进库....')
2021-08-24 13:44:23,534 - tt_id_6.log - INFO - 133 - tt_id_6 - ('2832783357518967', '爱笑费伊6L9', 1, '数字更新')
2021-08-24 13:44:28,750 - tt_id_6.log - INFO - 133 - tt_id_6 - ('51930921882', 'ww12337G5a', 1, '数字更新')
2021-08-24 13:44:31,899 - tt_id_6.log - INFO - 133 - tt_id_6 - ('106002023983550', '逾期v负负得正', 1, '数字更新')
