2021-08-18 10:14:17.026 | DEBUG    | weeklipdf_post:get_content:155 - {"filename":"20210818ribaopenghua.pdf","token":"{\"path\":\"/var/www/html/jijin/upload/penghua/\",\"name\":\"20210818鹏华基金每日报告\"}","code":1}
2021-08-18 10:16:44.786 | DEBUG    | weeklipdf_post:get_content:155 - {"filename":"20210818ribaohuaan.pdf","token":"{\"path\":\"/var/www/html/jijin/upload/huaan/\",\"name\":\"20210818华安基金每日报告\"}","code":1}
2021-08-18 10:17:04.941 | DEBUG    | weeklipdf_post:get_content:155 - {"filename":"20210818ribaofuanda.pdf","token":"{\"path\":\"/var/www/html/jijin/upload/fuanda/\",\"name\":\"20210818富安达基金每日报告\"}","code":1}
2021-08-18 10:17:28.769 | DEBUG    | weeklipdf_post:get_content:155 - {"filename":"20210818ribaodzzg.pdf","token":"{\"path\":\"/var/www/html/jijin/upload/dzzg/\",\"name\":\"20210818东方红资产管理每日报告\"}","code":1}
2021-08-18 10:17:51.228 | DEBUG    | weeklipdf_post:get_content:155 - {"filename":"20210818ribaozhongou.pdf","token":"{\"path\":\"/var/www/html/jijin/upload/zhongou/\",\"name\":\"20210818中欧基金每日报告\"}","code":1}
2021-08-18 10:18:13.449 | DEBUG    | weeklipdf_post:get_content:155 - {"filename":"20210818ribaochangxin.pdf","token":"{\"path\":\"/var/www/html/jijin/upload/changxin/\",\"name\":\"20210818长信基金每日报告\"}","code":1}
2021-08-18 10:18:35.529 | DEBUG    | weeklipdf_post:get_content:155 - {"filename":"20210818ribaozhongyou.pdf","token":"{\"path\":\"/var/www/html/jijin/upload/zhongyou/\",\"name\":\"20210818中邮基金每日报告\"}","code":1}
2021-08-18 10:18:57.196 | DEBUG    | weeklipdf_post:get_content:155 - {"filename":"20210818ribaotianhong.pdf","token":"{\"path\":\"/var/www/html/jijin/upload/tianhong/\",\"name\":\"20210818天弘基金每日报告\"}","code":1}
2021-08-18 10:20:39.082 | DEBUG    | weeklipdf_post:get_content:155 - {"filename":"20210818ribaozxbc.pdf","token":"{\"path\":\"/var/www/html/jijin/upload/zxbc/\",\"name\":\"20210818中信保诚基金每日报告\"}","code":1}
2021-08-18 10:21:03.534 | DEBUG    | weeklipdf_post:get_content:155 - {"filename":"20210818ribaojiaoyin.pdf","token":"{\"path\":\"/var/www/html/jijin/upload/jiaoyin/\",\"name\":\"20210818交银基金每日报告\"}","code":1}
2021-08-18 10:21:23.942 | DEBUG    | weeklipdf_post:get_content:155 - {"filename":"20210818ribaofullgoal.pdf","token":"{\"path\":\"/var/www/html/jijin/upload/fullgoal/\",\"name\":\"20210818富国基金每日报告\"}","code":1}
2021-08-18 10:27:40.560 | DEBUG    | weeklipdf_post:get_content:155 - {"filename":"20210818ribaopingan.pdf","token":"{\"path\":\"/var/www/html/jijin/upload/pingan/\",\"name\":\"20210818平安基金每日报告\"}","code":1}
2021-08-18 10:28:13.342 | DEBUG    | weeklipdf_post:get_content:155 - {"filename":"20210817ribaozhaoshan.pdf","token":"{\"path\":\"/var/www/html/jijin/upload/zhaoshan/\",\"name\":\"20210817招商基金每日报告\"}","code":1}
2021-08-18 11:04:31.173 | DEBUG    | weeklipdf_post:get_content:155 - {"filename":"20210818ribaohtzg.pdf","token":"{\"path\":\"/var/www/html/jijin/upload/htzg/\",\"name\":\"20210818海通资管基金每日报告\"}","code":1}
2021-08-18 14:01:07.624 | DEBUG    | weeklipdf_post:get_content:155 - {"filename":"20210818ribaogyzc.pdf","token":"{\"path\":\"/var/www/html/jijin/upload/gyzc/\",\"name\":\"20210818高毅资产舆情日报\"}","code":1}
2021-08-18 14:01:27.468 | DEBUG    | weeklipdf_post:get_content:155 - {"filename":"20210818ribaogyzc.pdf","token":"{\"path\":\"/var/www/html/jijin/upload/gyzc/\",\"name\":\"20210818高毅资产每日报告\"}","code":1}
2021-08-18 15:08:08.871 | DEBUG    | weeklipdf_post:get_content:155 - {"filename":"20210818ribaotianhong.pdf","token":"{\"path\":\"/var/www/html/jijin/upload/tianhong/\",\"name\":\"20210818天弘基金合规风险动态简报\"}","code":1}
2021-08-18 15:08:34.251 | DEBUG    | weeklipdf_post:get_content:155 - {"filename":"20210818ribaozhongjixie.pdf","token":"{\"path\":\"/var/www/html/jijin/upload/zhongjixie/\",\"name\":\"20210818基金规范营销每日报告\"}","code":1}
2021-08-18 16:49:30.711 | DEBUG    | weeklipdf_post:get_content:155 - {"filename":"20210818ribaozhaoshan.pdf","token":"{\"path\":\"/var/www/html/jijin/upload/zhaoshan/\",\"name\":\"20210818招商基金每日报告\"}","code":1}
2021-08-19 09:26:25.719 | DEBUG    | weeklipdf_post:get_content:155 - {"filename":"20210819ribaogtyx.pdf","token":"{\"path\":\"/var/www/html/jijin/upload/gtyx/\",\"name\":\"20210819国泰元鑫资产每日报告\"}","code":1}
2021-08-19 10:11:07.230 | DEBUG    | weeklipdf_post:get_content:155 - {"filename":"20210819ribaoguohai.pdf","token":"{\"path\":\"/var/www/html/jijin/upload/guohai/\",\"name\":\"20210819国海富兰克林基金每日报告\"}","code":1}
2021-08-19 10:11:45.184 | DEBUG    | weeklipdf_post:get_content:155 - {"filename":"20210819ribaopenghua.pdf","token":"{\"path\":\"/var/www/html/jijin/upload/penghua/\",\"name\":\"20210819鹏华基金每日报告\"}","code":1}
