2021-08-19 10:17:23.933 | DEBUG    | weeklipdf_post:get_content:155 - {"filename":"20210819ribaojiaoyin.pdf","token":"{\"path\":\"/var/www/html/jijin/upload/jiaoyin/\",\"name\":\"20210819交银基金每日报告\"}","code":1}
2021-08-19 10:17:59.097 | DEBUG    | weeklipdf_post:get_content:155 - {"filename":"20210819ribaozxbc.pdf","token":"{\"path\":\"/var/www/html/jijin/upload/zxbc/\",\"name\":\"20210819中信保诚基金每日报告\"}","code":1}
2021-08-19 10:18:19.120 | DEBUG    | weeklipdf_post:get_content:155 - {"filename":"20210819ribaofullgoal.pdf","token":"{\"path\":\"/var/www/html/jijin/upload/fullgoal/\",\"name\":\"20210819富国基金每日报告\"}","code":1}
2021-08-19 10:18:39.812 | DEBUG    | weeklipdf_post:get_content:155 - {"filename":"20210819ribaotianhong.pdf","token":"{\"path\":\"/var/www/html/jijin/upload/tianhong/\",\"name\":\"20210819天弘基金每日报告\"}","code":1}
2021-08-19 10:18:59.214 | DEBUG    | weeklipdf_post:get_content:155 - {"filename":"20210819ribaozhongyou.pdf","token":"{\"path\":\"/var/www/html/jijin/upload/zhongyou/\",\"name\":\"20210819中邮基金每日报告\"}","code":1}
2021-08-19 10:19:19.740 | DEBUG    | weeklipdf_post:get_content:155 - {"filename":"20210819ribaoxinquan.pdf","token":"{\"path\":\"/var/www/html/jijin/upload/xinquan/\",\"name\":\"20210819兴证全球基金每日报告\"}","code":1}
2021-08-19 10:19:39.155 | DEBUG    | weeklipdf_post:get_content:155 - {"filename":"20210819ribaochangxin.pdf","token":"{\"path\":\"/var/www/html/jijin/upload/changxin/\",\"name\":\"20210819长信基金每日报告\"}","code":1}
2021-08-19 10:19:57.086 | DEBUG    | weeklipdf_post:get_content:155 - {"filename":"20210819ribaohuaan.pdf","token":"{\"path\":\"/var/www/html/jijin/upload/huaan/\",\"name\":\"20210819华安基金每日报告\"}","code":1}
2021-08-19 10:20:19.318 | DEBUG    | weeklipdf_post:get_content:155 - {"filename":"20210819ribaoboshi.pdf","token":"{\"path\":\"/var/www/html/jijin/upload/boshi/\",\"name\":\"20210819博时基金每日报告\"}","code":1}
2021-08-19 10:20:43.692 | DEBUG    | weeklipdf_post:get_content:155 - {"filename":"20210819ribaofuanda.pdf","token":"{\"path\":\"/var/www/html/jijin/upload/fuanda/\",\"name\":\"20210819富安达基金每日报告\"}","code":1}
2021-08-19 10:21:05.933 | DEBUG    | weeklipdf_post:get_content:155 - {"filename":"20210819ribaozhongou.pdf","token":"{\"path\":\"/var/www/html/jijin/upload/zhongou/\",\"name\":\"20210819中欧基金每日报告\"}","code":1}
2021-08-19 10:21:31.905 | DEBUG    | weeklipdf_post:get_content:155 - {"filename":"20210819ribaodzzg.pdf","token":"{\"path\":\"/var/www/html/jijin/upload/dzzg/\",\"name\":\"20210819东方红资产管理每日报告\"}","code":1}
2021-08-19 10:28:11.709 | DEBUG    | weeklipdf_post:get_content:155 - {"filename":"20210819ribaopingan.pdf","token":"{\"path\":\"/var/www/html/jijin/upload/pingan/\",\"name\":\"20210819平安基金每日报告\"}","code":1}
2021-08-19 11:09:54.052 | DEBUG    | weeklipdf_post:get_content:155 - {"filename":"20210819ribaohtzg.pdf","token":"{\"path\":\"/var/www/html/jijin/upload/htzg/\",\"name\":\"20210819海通资管基金每日报告\"}","code":1}
2021-08-19 13:59:43.283 | DEBUG    | weeklipdf_post:get_content:155 - {"filename":"20210819ribaogyzc.pdf","token":"{\"path\":\"/var/www/html/jijin/upload/gyzc/\",\"name\":\"20210819高毅资产舆情日报\"}","code":1}
2021-08-19 14:00:05.241 | DEBUG    | weeklipdf_post:get_content:155 - {"filename":"20210819ribaogyzc.pdf","token":"{\"path\":\"/var/www/html/jijin/upload/gyzc/\",\"name\":\"20210819高毅资产每日报告\"}","code":1}
2021-08-19 15:08:31.817 | DEBUG    | weeklipdf_post:get_content:155 - {"filename":"20210819ribaozhongjixie.pdf","token":"{\"path\":\"/var/www/html/jijin/upload/zhongjixie/\",\"name\":\"20210819基金规范营销每日报告\"}","code":1}
2021-08-19 15:12:28.830 | DEBUG    | weeklipdf_post:get_content:155 - {"filename":"20210819ribaotianhong.pdf","token":"{\"path\":\"/var/www/html/jijin/upload/tianhong/\",\"name\":\"20210819天弘基金合规风险动态简报\"}","code":1}
2021-08-19 15:17:07.852 | DEBUG    | weeklipdf_post:get_content:155 - {"filename":"20210817ribaotianhong.pdf","token":"{\"path\":\"/var/www/html/jijin/upload/tianhong/\",\"name\":\"20210817天弘基金合规风险动态简报\"}","code":1}
2021-08-20 09:31:23.843 | DEBUG    | weeklipdf_post:get_content:155 - {"filename":"20210820ribaogtyx.pdf","token":"{\"path\":\"/var/www/html/jijin/upload/gtyx/\",\"name\":\"20210820国泰元鑫资产每日报告\"}","code":1}
2021-08-20 10:15:03.684 | DEBUG    | weeklipdf_post:get_content:155 - {"filename":"20210820ribaoguohai.pdf","token":"{\"path\":\"/var/www/html/jijin/upload/guohai/\",\"name\":\"20210820国海富兰克林基金每日报告\"}","code":1}
2021-08-20 10:16:44.122 | DEBUG    | weeklipdf_post:get_content:155 - {"filename":"20210820ribaojiaoyin.pdf","token":"{\"path\":\"/var/www/html/jijin/upload/jiaoyin/\",\"name\":\"20210820交银基金每日报告\"}","code":1}
2021-08-20 10:17:09.426 | DEBUG    | weeklipdf_post:get_content:155 - {"filename":"20210820ribaofullgoal.pdf","token":"{\"path\":\"/var/www/html/jijin/upload/fullgoal/\",\"name\":\"20210820富国基金每日报告\"}","code":1}
