2021-08-17 10:13:34.481 | DEBUG    | weeklipdf_post:get_content:155 - {"filename":"20210817ribaoguohai.pdf","token":"{\"path\":\"/var/www/html/jijin/upload/guohai/\",\"name\":\"20210817国海富兰克林基金每日报告\"}","code":1}
2021-08-17 10:15:15.313 | DEBUG    | weeklipdf_post:get_content:155 - {"filename":"20210817ribaochangxin.pdf","token":"{\"path\":\"/var/www/html/jijin/upload/changxin/\",\"name\":\"20210817长信基金每日报告\"}","code":1}
2021-08-17 10:15:36.632 | DEBUG    | weeklipdf_post:get_content:155 - {"filename":"20210817ribaopenghua.pdf","token":"{\"path\":\"/var/www/html/jijin/upload/penghua/\",\"name\":\"20210817鹏华基金每日报告\"}","code":1}
2021-08-17 10:15:58.504 | DEBUG    | weeklipdf_post:get_content:155 - {"filename":"20210817ribaotianhong.pdf","token":"{\"path\":\"/var/www/html/jijin/upload/tianhong/\",\"name\":\"20210817天弘基金每日报告\"}","code":1}
2021-08-17 10:16:20.073 | DEBUG    | weeklipdf_post:get_content:155 - {"filename":"20210817ribaozhongyou.pdf","token":"{\"path\":\"/var/www/html/jijin/upload/zhongyou/\",\"name\":\"20210817中邮基金每日报告\"}","code":1}
2021-08-17 10:20:10.155 | DEBUG    | weeklipdf_post:get_content:155 - {"filename":"20210817ribaohuaan.pdf","token":"{\"path\":\"/var/www/html/jijin/upload/huaan/\",\"name\":\"20210817华安基金每日报告\"}","code":1}
2021-08-17 10:20:32.663 | DEBUG    | weeklipdf_post:get_content:155 - {"filename":"20210817ribaojiaoyin.pdf","token":"{\"path\":\"/var/www/html/jijin/upload/jiaoyin/\",\"name\":\"20210817交银基金每日报告\"}","code":1}
2021-08-17 10:20:55.868 | DEBUG    | weeklipdf_post:get_content:155 - {"filename":"20210817ribaodzzg.pdf","token":"{\"path\":\"/var/www/html/jijin/upload/dzzg/\",\"name\":\"20210817东方红资产管理每日报告\"}","code":1}
2021-08-17 10:21:38.141 | DEBUG    | weeklipdf_post:get_content:155 - {"filename":"20210817ribaozxbc.pdf","token":"{\"path\":\"/var/www/html/jijin/upload/zxbc/\",\"name\":\"20210817中信保诚基金每日报告\"}","code":1}
2021-08-17 10:21:58.399 | DEBUG    | weeklipdf_post:get_content:155 - {"filename":"20210817ribaozhongou.pdf","token":"{\"path\":\"/var/www/html/jijin/upload/zhongou/\",\"name\":\"20210817中欧基金每日报告\"}","code":1}
2021-08-17 10:22:20.845 | DEBUG    | weeklipdf_post:get_content:155 - {"filename":"20210817ribaofullgoal.pdf","token":"{\"path\":\"/var/www/html/jijin/upload/fullgoal/\",\"name\":\"20210817富国基金每日报告\"}","code":1}
2021-08-17 10:22:40.512 | DEBUG    | weeklipdf_post:get_content:155 - {"filename":"20210817ribaofuanda.pdf","token":"{\"path\":\"/var/www/html/jijin/upload/fuanda/\",\"name\":\"20210817富安达基金每日报告\"}","code":1}
2021-08-17 10:24:06.707 | DEBUG    | weeklipdf_post:get_content:155 - {"filename":"20210817ribaoboshi.pdf","token":"{\"path\":\"/var/www/html/jijin/upload/boshi/\",\"name\":\"20210817博时基金每日报告\"}","code":1}
2021-08-17 10:24:29.712 | DEBUG    | weeklipdf_post:get_content:155 - {"filename":"20210817ribaoxinquan.pdf","token":"{\"path\":\"/var/www/html/jijin/upload/xinquan/\",\"name\":\"20210817兴证全球基金每日报告\"}","code":1}
2021-08-17 10:25:31.335 | DEBUG    | weeklipdf_post:get_content:155 - {"filename":"20210817ribaopingan.pdf","token":"{\"path\":\"/var/www/html/jijin/upload/pingan/\",\"name\":\"20210817平安基金每日报告\"}","code":1}
2021-08-17 10:51:06.689 | DEBUG    | weeklipdf_post:get_content:155 - {"filename":"20210817ribaohtzg.pdf","token":"{\"path\":\"/var/www/html/jijin/upload/htzg/\",\"name\":\"20210817海通资管基金每日报告\"}","code":1}
2021-08-17 13:56:55.790 | DEBUG    | weeklipdf_post:get_content:155 - {"filename":"20210817ribaogyzc.pdf","token":"{\"path\":\"/var/www/html/jijin/upload/gyzc/\",\"name\":\"20210817高毅资产舆情日报\"}","code":1}
2021-08-17 13:57:14.188 | DEBUG    | weeklipdf_post:get_content:155 - {"filename":"20210817ribaogyzc.pdf","token":"{\"path\":\"/var/www/html/jijin/upload/gyzc/\",\"name\":\"20210817高毅资产每日报告\"}","code":1}
2021-08-17 15:30:12.662 | DEBUG    | weeklipdf_post:get_content:155 - {"filename":"20210817ribaozhongjixie.pdf","token":"{\"path\":\"/var/www/html/jijin/upload/zhongjixie/\",\"name\":\"20210817基金规范营销每日报告\"}","code":1}
2021-08-18 09:34:31.049 | DEBUG    | weeklipdf_post:get_content:155 - {"filename":"20210818ribaogtyx.pdf","token":"{\"path\":\"/var/www/html/jijin/upload/gtyx/\",\"name\":\"20210818国泰元鑫资产每日报告\"}","code":1}
2021-08-18 10:12:56.876 | DEBUG    | weeklipdf_post:get_content:155 - {"filename":"20210818ribaoxinquan.pdf","token":"{\"path\":\"/var/www/html/jijin/upload/xinquan/\",\"name\":\"20210818兴证全球基金每日报告\"}","code":1}
